11:41:15.357 [main] INFO  testCases.TC_001_AccountRegistrationTest - ***  Starting TC_001_AccountRegistrationTest  ***
11:41:15.883 [main] INFO  testCases.TC_001_AccountRegistrationTest - Clicked on myaccount link
11:41:16.835 [main] INFO  testCases.TC_001_AccountRegistrationTest - Clicked on register link
11:41:16.841 [main] INFO  testCases.TC_001_AccountRegistrationTest - Providing customer data
11:41:18.848 [main] ERROR testCases.TC_001_AccountRegistrationTest - test failed
11:44:45.162 [main] INFO  testCases.TC_001_AccountRegistrationTest - ***  Starting TC_001_AccountRegistrationTest  ***
11:44:45.442 [main] INFO  testCases.TC_001_AccountRegistrationTest - Clicked on myaccount link
11:44:52.183 [main] INFO  testCases.TC_001_AccountRegistrationTest - Clicked on register link
11:44:52.191 [main] INFO  testCases.TC_001_AccountRegistrationTest - Providing customer data
11:44:54.468 [main] ERROR testCases.TC_001_AccountRegistrationTest - test failed
12:58:45.423 [main] INFO  testCases.TC_001_AccountRegistrationTest - ***  Starting TC_001_AccountRegistrationTest  ***
12:58:47.417 [main] INFO  testCases.TC_001_AccountRegistrationTest - Clicked on myaccount link
12:58:51.510 [main] ERROR testCases.TC_001_AccountRegistrationTest - test failed
13:43:33.613 [main] INFO  testCases.TC_001_AccountRegistrationTest - ***  Starting TC_001_AccountRegistrationTest  ***
13:43:33.763 [main] INFO  testCases.TC_001_AccountRegistrationTest - Clicked on myaccount link
13:43:34.748 [main] INFO  testCases.TC_001_AccountRegistrationTest - Clicked on register link
13:43:34.752 [main] INFO  testCases.TC_001_AccountRegistrationTest - Providing customer data
13:43:41.219 [main] ERROR testCases.TC_001_AccountRegistrationTest - test failed
13:45:01.223 [TestNG-tests-1] INFO  testCases.TC_001_AccountRegistrationTest - ***  Starting TC_001_AccountRegistrationTest  ***
13:45:01.502 [TestNG-tests-1] INFO  testCases.TC_001_AccountRegistrationTest - Clicked on myaccount link
13:45:02.549 [TestNG-tests-1] INFO  testCases.TC_001_AccountRegistrationTest - Clicked on register link
13:45:02.555 [TestNG-tests-1] INFO  testCases.TC_001_AccountRegistrationTest - Providing customer data
13:45:04.501 [TestNG-tests-1] ERROR testCases.TC_001_AccountRegistrationTest - test failed
13:45:20.520 [TestNG-tests-2] INFO  testCases.TC_001_AccountRegistrationTest - ***  Starting TC_001_AccountRegistrationTest  ***
13:45:20.891 [TestNG-tests-2] INFO  testCases.TC_001_AccountRegistrationTest - Clicked on myaccount link
13:45:21.959 [TestNG-tests-2] INFO  testCases.TC_001_AccountRegistrationTest - Clicked on register link
13:45:21.966 [TestNG-tests-2] INFO  testCases.TC_001_AccountRegistrationTest - Providing customer data
13:45:24.032 [TestNG-tests-2] ERROR testCases.TC_001_AccountRegistrationTest - test failed
13:47:03.427 [main] INFO  testCases.TC_001_AccountRegistrationTest - ***  Starting TC_001_AccountRegistrationTest  ***
13:47:03.562 [main] INFO  testCases.TC_001_AccountRegistrationTest - Clicked on myaccount link
13:47:04.317 [main] INFO  testCases.TC_001_AccountRegistrationTest - Clicked on register link
13:47:04.324 [main] INFO  testCases.TC_001_AccountRegistrationTest - Providing customer data
13:47:06.338 [main] ERROR testCases.TC_001_AccountRegistrationTest - test failed
14:39:54.142 [TestNG-tests-1] INFO  testCases.TC_001_AccountRegistrationTest - ***  Starting TC_001_AccountRegistrationTest  ***
14:40:00.912 [TestNG-tests-2] INFO  testCases.TC_001_AccountRegistrationTest - ***  Starting TC_001_AccountRegistrationTest  ***
14:40:01.034 [TestNG-tests-1] INFO  testCases.TC_001_AccountRegistrationTest - Clicked on myaccount link
14:40:01.151 [TestNG-tests-2] INFO  testCases.TC_001_AccountRegistrationTest - Clicked on myaccount link
14:40:11.197 [TestNG-tests-1] ERROR testCases.TC_001_AccountRegistrationTest - test failed
14:40:21.195 [TestNG-tests-2] ERROR testCases.TC_001_AccountRegistrationTest - test failed
15:55:54.716 [main] INFO  testCases.TC_001_AccountRegistrationTest - ***  Starting TC_001_AccountRegistrationTest  ***
15:55:54.908 [main] INFO  testCases.TC_001_AccountRegistrationTest - Clicked on myaccount link
15:55:56.219 [main] INFO  testCases.TC_001_AccountRegistrationTest - Clicked on register link
15:55:56.228 [main] INFO  testCases.TC_001_AccountRegistrationTest - Providing customer data
15:55:58.549 [main] ERROR testCases.TC_001_AccountRegistrationTest - test failed
15:56:31.361 [main] INFO  testCases.TC_001_AccountRegistrationTest - ***  Starting TC_001_AccountRegistrationTest  ***
15:56:31.642 [main] INFO  testCases.TC_001_AccountRegistrationTest - Clicked on myaccount link
15:56:32.606 [main] INFO  testCases.TC_001_AccountRegistrationTest - Clicked on register link
15:56:32.613 [main] INFO  testCases.TC_001_AccountRegistrationTest - Providing customer data
15:56:35.141 [main] ERROR testCases.TC_001_AccountRegistrationTest - test failed
16:32:51.993 [main] INFO  testCases.TC_002_LoginTest - *** starting TC_002_LoginTest ***
16:32:52.182 [main] INFO  testCases.TC_002_LoginTest - Clicked on myaccount
16:32:52.896 [main] INFO  testCases.TC_002_LoginTest - Clicked on login link
16:32:52.898 [main] INFO  testCases.TC_002_LoginTest - Provinding login details
16:32:53.371 [main] INFO  testCases.TC_002_LoginTest - Clicked on login button
16:34:24.352 [main] INFO  testCases.TC_002_LoginTest - *** starting TC_002_LoginTest ***
16:34:24.611 [main] INFO  testCases.TC_002_LoginTest - Clicked on myaccount
16:34:28.167 [main] INFO  testCases.TC_002_LoginTest - Clicked on login link
16:34:28.170 [main] INFO  testCases.TC_002_LoginTest - Provinding login details
16:34:28.609 [main] INFO  testCases.TC_002_LoginTest - Clicked on login button
16:37:31.955 [main] INFO  testCases.TC_002_LoginTest - *** starting TC_002_LoginTest ***
16:37:32.367 [main] INFO  testCases.TC_002_LoginTest - Clicked on myaccount
16:37:35.883 [main] INFO  testCases.TC_002_LoginTest - Clicked on login link
16:37:35.885 [main] INFO  testCases.TC_002_LoginTest - Provinding login details
16:37:36.349 [main] INFO  testCases.TC_002_LoginTest - Clicked on login button
16:39:19.555 [main] INFO  testCases.TC_002_LoginTest - *** starting TC_002_LoginTest ***
16:39:19.773 [main] INFO  testCases.TC_002_LoginTest - Clicked on myaccount
16:39:23.330 [main] INFO  testCases.TC_002_LoginTest - Clicked on login link
16:39:23.332 [main] INFO  testCases.TC_002_LoginTest - Provinding login details
16:39:23.708 [main] INFO  testCases.TC_002_LoginTest - Clicked on login button
18:02:16.180 [main] INFO  testCases.TC_003_LoginDDT - ***Starting TC_003_LoginDDT ***
18:02:27.896 [main] INFO  testCases.TC_003_LoginDDT - ***Starting TC_003_LoginDDT ***
18:02:39.992 [main] INFO  testCases.TC_003_LoginDDT - *** finishing TC_003_LoginDDT
18:02:39.998 [main] INFO  testCases.TC_003_LoginDDT - ***Starting TC_003_LoginDDT ***
18:02:52.232 [main] INFO  testCases.TC_003_LoginDDT - *** finishing TC_003_LoginDDT
18:02:52.236 [main] INFO  testCases.TC_003_LoginDDT - ***Starting TC_003_LoginDDT ***
18:03:03.208 [main] INFO  testCases.TC_003_LoginDDT - *** finishing TC_003_LoginDDT
18:03:03.213 [main] INFO  testCases.TC_003_LoginDDT - ***Starting TC_003_LoginDDT ***
19:21:35.522 [main] INFO  testCases.TC_001_AccountRegistrationTest - ***  Starting TC_001_AccountRegistrationTest  ***
19:21:35.753 [main] INFO  testCases.TC_001_AccountRegistrationTest - Clicked on myaccount link
19:21:36.904 [main] INFO  testCases.TC_001_AccountRegistrationTest - Clicked on register link
19:21:36.912 [main] INFO  testCases.TC_001_AccountRegistrationTest - Providing customer data
19:21:39.177 [main] ERROR testCases.TC_001_AccountRegistrationTest - test failed
19:21:45.939 [main] INFO  testCases.TC_002_LoginTest - *** starting TC_002_LoginTest ***
19:21:46.103 [main] INFO  testCases.TC_002_LoginTest - Clicked on myaccount
19:21:49.928 [main] INFO  testCases.TC_002_LoginTest - Clicked on login link
19:21:49.931 [main] INFO  testCases.TC_002_LoginTest - Provinding login details
19:21:50.447 [main] INFO  testCases.TC_002_LoginTest - Clicked on login button
21:29:39.296 [main] INFO  testCases.TC_001_AccountRegistrationTest - ***  Starting TC_001_AccountRegistrationTest  ***
21:29:39.491 [main] INFO  testCases.TC_001_AccountRegistrationTest - Clicked on myaccount link
21:29:40.420 [main] INFO  testCases.TC_001_AccountRegistrationTest - Clicked on register link
21:29:40.426 [main] INFO  testCases.TC_001_AccountRegistrationTest - Providing customer data
21:29:42.357 [main] ERROR testCases.TC_001_AccountRegistrationTest - test failed
21:29:46.894 [main] INFO  testCases.TC_002_LoginTest - *** starting TC_002_LoginTest ***
21:29:47.038 [main] INFO  testCases.TC_002_LoginTest - Clicked on myaccount
21:29:50.637 [main] INFO  testCases.TC_002_LoginTest - Clicked on login link
21:29:50.640 [main] INFO  testCases.TC_002_LoginTest - Provinding login details
21:29:50.958 [main] INFO  testCases.TC_002_LoginTest - Clicked on login button
21:48:32.569 [main] INFO  testCases.TC_001_AccountRegistrationTest - ***  Starting TC_001_AccountRegistrationTest  ***
21:48:32.784 [main] INFO  testCases.TC_001_AccountRegistrationTest - Clicked on myaccount link
21:48:33.873 [main] INFO  testCases.TC_001_AccountRegistrationTest - Clicked on register link
21:48:33.880 [main] INFO  testCases.TC_001_AccountRegistrationTest - Providing customer data
21:48:35.909 [main] ERROR testCases.TC_001_AccountRegistrationTest - test failed
21:48:41.358 [main] INFO  testCases.TC_002_LoginTest - *** starting TC_002_LoginTest ***
21:48:41.511 [main] INFO  testCases.TC_002_LoginTest - Clicked on myaccount
21:48:45.128 [main] INFO  testCases.TC_002_LoginTest - Clicked on login link
21:48:45.132 [main] INFO  testCases.TC_002_LoginTest - Provinding login details
21:48:45.522 [main] INFO  testCases.TC_002_LoginTest - Clicked on login button
21:54:20.104 [main] INFO  testCases.TC_001_AccountRegistrationTest - ***  Starting TC_001_AccountRegistrationTest  ***
21:54:20.339 [main] INFO  testCases.TC_001_AccountRegistrationTest - Clicked on myaccount link
21:54:21.342 [main] INFO  testCases.TC_001_AccountRegistrationTest - Clicked on register link
21:54:21.345 [main] INFO  testCases.TC_001_AccountRegistrationTest - Providing customer data
21:54:23.307 [main] ERROR testCases.TC_001_AccountRegistrationTest - test failed
21:54:28.002 [main] INFO  testCases.TC_002_LoginTest - *** starting TC_002_LoginTest ***
21:54:28.120 [main] INFO  testCases.TC_002_LoginTest - Clicked on myaccount
21:54:31.655 [main] INFO  testCases.TC_002_LoginTest - Clicked on login link
21:54:31.658 [main] INFO  testCases.TC_002_LoginTest - Provinding login details
21:54:32.099 [main] INFO  testCases.TC_002_LoginTest - Clicked on login button
